2025-07-31 14:02:37,898 - INFO - Database initialized successfully
2025-07-31 14:02:37,923 - INFO - Utah Water Gardens Lead Generation System initialized
2025-07-31 14:02:37,927 - INFO - Database initialized successfully
2025-07-31 14:02:37,927 - ERROR - Error getting quick stats: 'NoneType' object has no attribute 'cursor'
2025-07-31 14:03:35,057 - INFO - Database initialized successfully
2025-07-31 14:03:35,059 - INFO - Utah Water Gardens Lead Generation System initialized
2025-07-31 14:03:35,061 - INFO - Database initialized successfully
2025-07-31 14:03:35,061 - ERROR - Error getting quick stats: 'NoneType' object has no attribute 'cursor'
2025-07-31 14:03:35,063 - ERROR - Main execution error: 'total_leads'
2025-07-31 14:06:22,747 - INFO - Database initialized successfully
2025-07-31 14:06:22,749 - INFO - Utah Water Gardens Lead Generation System initialized
2025-07-31 14:06:51,227 - INFO - Database initialized successfully
2025-07-31 14:06:51,229 - INFO - Utah Water Gardens Lead Generation System initialized
2025-07-31 14:06:51,230 - INFO - Starting lead generation process...
2025-07-31 14:06:51,230 - INFO - Starting lead generation process...
2025-07-31 14:06:51,230 - INFO - Searching real estate listings...
2025-07-31 14:07:54,704 - INFO - Searching social media...
2025-07-31 14:08:08,844 - INFO - Searching local directories...
2025-07-31 14:08:16,540 - INFO - Added 0 new leads to database
2025-07-31 14:08:16,549 - INFO - Leads exported to leads_export.csv
2025-07-31 14:08:16,550 - INFO - Lead generation complete. Found 0 total leads, 0 new leads added.
2025-07-31 14:08:16,551 - INFO - Lead generation completed. Generated 0 total leads.
2025-07-31 14:09:10,409 - INFO - Database initialized successfully
2025-07-31 14:09:10,411 - INFO - Utah Water Gardens Lead Generation System initialized
2025-07-31 14:09:10,411 - INFO - Starting analytics and reporting...
2025-07-31 14:09:10,474 - ERROR - Error in analytics: Found array with 0 sample(s) (shape=(0, 1)) while a minimum of 1 is required by LinearRegression.
2025-07-31 14:09:23,512 - INFO - Database initialized successfully
2025-07-31 14:09:23,514 - INFO - Utah Water Gardens Lead Generation System initialized
2025-07-31 14:09:23,514 - INFO - Starting lead nurturing process...
2025-07-31 14:09:23,517 - INFO - Lead nurturing completed successfully.
2025-07-31 14:09:34,084 - INFO - Database initialized successfully
2025-07-31 14:09:34,087 - INFO - Utah Water Gardens Lead Generation System initialized
2025-07-31 14:09:34,087 - INFO - Running complete lead generation pipeline...
2025-07-31 14:09:34,088 - INFO - Step 1: Generating leads...
2025-07-31 14:09:34,088 - INFO - Starting lead generation process...
2025-07-31 14:09:34,088 - INFO - Starting lead generation process...
2025-07-31 14:09:34,088 - INFO - Searching real estate listings...
2025-07-31 14:10:38,920 - INFO - Searching social media...
2025-07-31 14:10:53,217 - INFO - Searching local directories...
2025-07-31 14:11:02,436 - INFO - Added 0 new leads to database
2025-07-31 14:11:02,444 - INFO - Leads exported to leads_export.csv
2025-07-31 14:11:02,445 - INFO - Lead generation complete. Found 0 total leads, 0 new leads added.
2025-07-31 14:11:02,446 - INFO - Lead generation completed. Generated 0 total leads.
2025-07-31 14:11:02,446 - INFO - Step 2: Nurturing leads...
2025-07-31 14:11:02,446 - INFO - Starting lead nurturing process...
2025-07-31 14:11:02,448 - INFO - Lead nurturing completed successfully.
2025-07-31 14:11:02,449 - INFO - Step 3: Analyzing performance...
2025-07-31 14:11:02,449 - INFO - Starting analytics and reporting...
2025-07-31 14:11:02,505 - ERROR - Error in analytics: Found array with 0 sample(s) (shape=(0, 1)) while a minimum of 1 is required by LinearRegression.
2025-07-31 14:11:02,506 - INFO - Complete pipeline finished successfully.
2025-07-31 14:11:45,245 - INFO - Database initialized successfully
2025-07-31 14:11:45,247 - INFO - Utah Water Gardens Lead Generation System initialized
2025-07-31 14:12:12,248 - INFO - Database initialized successfully
2025-07-31 14:12:12,250 - INFO - Utah Water Gardens Lead Generation System initialized
2025-07-31 14:12:12,250 - INFO - Starting analytics and reporting...
2025-07-31 14:12:15,764 - INFO - Using categorical units to plot a list of strings that are all parsable as floats or dates. If these strings should be plotted as numbers, cast to the appropriate data type before plotting.
2025-07-31 14:12:15,765 - INFO - Using categorical units to plot a list of strings that are all parsable as floats or dates. If these strings should be plotted as numbers, cast to the appropriate data type before plotting.
2025-07-31 14:12:18,278 - ERROR - Error in analytics: keys must be str, int, float, bool or None, not tuple
2025-07-31 14:12:36,571 - INFO - Database initialized successfully
2025-07-31 14:12:36,573 - INFO - Utah Water Gardens Lead Generation System initialized
2025-07-31 14:12:36,573 - INFO - Starting lead nurturing process...
2025-07-31 14:12:36,575 - INFO - Lead nurturing completed successfully.
2025-07-31 14:13:10,661 - INFO - Database initialized successfully
2025-07-31 14:13:10,664 - INFO - Utah Water Gardens Lead Generation System initialized
2025-07-31 14:13:10,664 - INFO - Running complete lead generation pipeline...
2025-07-31 14:13:10,665 - INFO - Step 1: Generating leads...
2025-07-31 14:13:10,665 - INFO - Starting lead generation process...
2025-07-31 14:13:10,665 - INFO - Starting lead generation process...
2025-07-31 14:13:10,665 - INFO - Searching real estate listings...
2025-07-31 14:14:12,966 - INFO - Searching social media...
2025-07-31 14:14:25,929 - INFO - Searching local directories...
2025-07-31 14:14:34,470 - INFO - Added 0 new leads to database
2025-07-31 14:14:34,482 - INFO - Leads exported to leads_export.csv
2025-07-31 14:14:34,482 - INFO - Lead generation complete. Found 0 total leads, 0 new leads added.
2025-07-31 14:14:34,495 - INFO - Scheduled follow-up sequence for lead 2
2025-07-31 14:14:34,505 - INFO - Scheduled follow-up sequence for lead 3
2025-07-31 14:14:34,505 - INFO - Lead generation completed. Generated 5 total leads.
2025-07-31 14:14:34,505 - INFO - Step 2: Nurturing leads...
2025-07-31 14:14:34,505 - INFO - Starting lead nurturing process...
2025-07-31 14:14:34,509 - INFO - Lead nurturing completed successfully.
2025-07-31 14:14:34,509 - INFO - Step 3: Analyzing performance...
2025-07-31 14:14:34,510 - INFO - Starting analytics and reporting...
2025-07-31 14:14:37,397 - INFO - Using categorical units to plot a list of strings that are all parsable as floats or dates. If these strings should be plotted as numbers, cast to the appropriate data type before plotting.
2025-07-31 14:14:37,398 - INFO - Using categorical units to plot a list of strings that are all parsable as floats or dates. If these strings should be plotted as numbers, cast to the appropriate data type before plotting.
2025-07-31 14:14:39,776 - ERROR - Error in analytics: keys must be str, int, float, bool or None, not tuple
2025-07-31 14:14:39,777 - INFO - Complete pipeline finished successfully.
2025-07-31 14:14:52,046 - INFO - Database initialized successfully
2025-07-31 14:14:52,048 - INFO - Utah Water Gardens Lead Generation System initialized
2025-07-31 14:14:52,056 - INFO - Leads exported to test_leads_export.csv
2025-07-31 14:14:52,057 - INFO - Leads exported to test_leads_export.csv
2025-07-31 14:16:06,473 - INFO - Database initialized successfully
2025-07-31 14:16:06,475 - INFO - Utah Water Gardens Lead Generation System initialized
2025-07-31 14:18:38,381 - INFO - Database initialized successfully
2025-07-31 14:18:38,383 - INFO - Utah Water Gardens Lead Generation System initialized
2025-07-31 14:26:36,518 - INFO - Database initialized successfully
2025-07-31 14:26:36,520 - INFO - Utah Water Gardens Lead Generation System initialized
2025-07-31 14:26:36,521 - INFO - Starting lead generation process...
2025-07-31 14:26:36,521 - INFO - Starting lead generation process...
2025-07-31 14:26:36,521 - INFO - Searching real estate listings...
2025-07-31 14:27:37,555 - INFO - Searching social media...
2025-07-31 14:27:51,631 - INFO - Searching local directories...
2025-07-31 14:27:59,963 - INFO - Added 0 new leads to database
2025-07-31 14:27:59,971 - INFO - Leads exported to leads_export.csv
2025-07-31 14:27:59,972 - INFO - Lead generation complete. Found 0 total leads, 0 new leads added.
2025-07-31 14:27:59,979 - INFO - Scheduled follow-up sequence for lead 2
2025-07-31 14:27:59,987 - INFO - Scheduled follow-up sequence for lead 3
2025-07-31 14:27:59,987 - INFO - Lead generation completed. Generated 5 total leads.
2025-07-31 14:28:13,005 - INFO - Database initialized successfully
2025-07-31 14:28:13,007 - INFO - Utah Water Gardens Lead Generation System initialized
2025-07-31 15:26:26,825 - INFO - Database initialized successfully
2025-07-31 15:26:26,825 - INFO - Starting lead generation process...
2025-07-31 15:26:26,825 - INFO - Searching real estate listings...
2025-07-31 15:26:26,826 - INFO - Searching zillow...
2025-07-31 15:30:20,945 - INFO - Searching realtor...
2025-07-31 15:34:02,156 - INFO - Searching redfin...
2025-07-31 15:38:24,996 - INFO - Found 0 real estate leads
2025-07-31 15:38:24,998 - INFO - Searching social media...
2025-07-31 15:38:24,998 - INFO - Searching Facebook group: https://www.facebook.com/groups/utahlandscaping/
2025-07-31 15:39:19,036 - INFO - Searching Facebook group: https://www.facebook.com/groups/saltlakecityhomeowners/
2025-07-31 15:40:13,461 - INFO - Searching Facebook group: https://www.facebook.com/groups/utahhomeimprovement/
2025-07-31 15:41:07,258 - INFO - Searching Facebook group: https://www.facebook.com/groups/utahponds/
2025-07-31 15:42:04,494 - INFO - Searching Facebook group: https://www.facebook.com/groups/utahwatergardens/
2025-07-31 15:43:01,296 - INFO - Searching Instagram hashtag: #utahponds
2025-07-31 15:43:03,012 - INFO - Searching Instagram hashtag: #utahwaterfeatures
2025-07-31 15:43:04,641 - INFO - Searching Instagram hashtag: #saltlakecityponds
2025-07-31 15:43:06,179 - INFO - Searching Instagram hashtag: #utahkoipond
2025-07-31 15:43:07,333 - INFO - Searching Instagram hashtag: #utahwatergarden
2025-07-31 15:43:08,883 - INFO - Found 75 social media leads
2025-07-31 15:43:08,895 - INFO - Added 1 new leads to database
2025-07-31 15:43:08,902 - INFO - Leads exported to leads_export.csv
2025-07-31 15:43:08,904 - INFO - Lead generation complete. Found 75 total leads, 1 new leads added.
2025-07-31 15:50:02,123 - INFO - Database initialized successfully
2025-07-31 15:50:02,133 - INFO - Leads exported to leads_export.csv
2025-07-31 15:50:02,133 - INFO - Summary exported to leads_export_summary.csv
2025-07-31 15:50:15,604 - INFO - Database initialized successfully
2025-07-31 15:50:15,647 - INFO - Utah Water Gardens Lead Generation System initialized
2025-07-31 15:50:15,647 - INFO - Starting lead generation process...
2025-07-31 15:50:15,648 - INFO - Starting lead generation process...
2025-07-31 15:50:15,648 - INFO - Searching real estate listings...
2025-07-31 15:50:15,648 - INFO - Searching zillow...
2025-07-31 15:53:50,430 - INFO - Searching realtor...
2025-07-31 16:01:35,619 - INFO - Database initialized successfully
2025-07-31 16:02:12,306 - INFO - Database initialized successfully
2025-07-31 16:02:12,306 - INFO - Starting lead generation process...
2025-07-31 16:02:12,306 - INFO - Searching real estate listings...
2025-07-31 16:02:12,307 - INFO - Searching zillow...
2025-07-31 16:05:50,715 - INFO - Searching realtor...
2025-07-31 16:09:33,519 - INFO - Searching redfin...
2025-07-31 16:10:18,406 - ERROR - Error searching redfin with keyword pond: HTTPSConnectionPool(host='www.redfin.com', port=443): Read timed out.
2025-07-31 16:13:56,299 - INFO - Searching trulia...
2025-07-31 16:17:39,446 - INFO - Searching theclose...
2025-07-31 16:22:16,000 - ERROR - Error searching theclose with keyword koi: HTTPSConnectionPool(host='theclose.com', port=443): Read timed out. (read timeout=10)
2025-07-31 16:23:04,731 - INFO - Searching airbnb...
2025-07-31 16:28:45,315 - INFO - Searching vrbo...
2025-07-31 16:33:24,984 - INFO - Found 0 real estate leads
2025-07-31 16:33:24,987 - INFO - Searching social media...
2025-07-31 16:33:24,987 - INFO - Searching Facebook group: https://www.facebook.com/groups/utahlandscaping/
2025-07-31 16:34:16,260 - INFO - Searching Facebook group: https://www.facebook.com/groups/saltlakecityhomeowners/
2025-07-31 16:35:09,440 - INFO - Searching Facebook group: https://www.facebook.com/groups/utahhomeimprovement/
2025-07-31 16:36:05,584 - INFO - Searching Facebook group: https://www.facebook.com/groups/utahponds/
2025-07-31 16:37:00,974 - INFO - Searching Facebook group: https://www.facebook.com/groups/utahwatergardens/
2025-07-31 16:37:53,068 - INFO - Searching Facebook group: https://www.facebook.com/groups/393364514852423/
2025-07-31 16:38:53,039 - INFO - Searching Facebook group: https://www.facebook.com/groups/700174883430093/
2025-07-31 16:39:46,022 - INFO - Searching Facebook group: https://www.facebook.com/groups/178157702670169/
2025-07-31 16:40:41,925 - INFO - Searching Facebook: https://www.facebook.com/search/top?q=pond
2025-07-31 16:40:45,650 - INFO - Searching Facebook: https://www.facebook.com/search/top?q=utah%20pond
2025-07-31 16:40:48,442 - INFO - Searching Facebook: https://www.facebook.com/search/top?q=water%20feature%20utah
2025-07-31 16:40:52,570 - INFO - Searching Facebook: https://www.facebook.com/search/top?q=koi%20pond%20utah
2025-07-31 16:40:56,964 - INFO - Searching Facebook: https://www.facebook.com/search/top?q=pond%20maintenance%20utah
2025-07-31 16:41:00,818 - INFO - Searching Instagram hashtag: #utahponds
2025-07-31 16:41:02,036 - INFO - Searching Instagram hashtag: #utahwaterfeatures
2025-07-31 16:41:03,215 - INFO - Searching Instagram hashtag: #saltlakecityponds
2025-07-31 16:41:04,268 - INFO - Searching Instagram hashtag: #utahkoipond
2025-07-31 16:41:06,114 - INFO - Searching Instagram hashtag: #utahwatergarden
2025-07-31 16:41:07,301 - INFO - Found 75 social media leads
2025-07-31 16:41:07,312 - INFO - Added 0 new leads to database
2025-07-31 16:41:07,326 - INFO - Leads exported to leads_export.csv
2025-07-31 16:41:07,327 - INFO - Summary exported to leads_export_summary.csv
2025-07-31 16:41:07,331 - INFO - Lead generation complete. Found 75 total leads, 0 new leads added.
2025-07-31 19:46:08,222 - INFO - Database initialized successfully
2025-07-31 19:46:08,222 - INFO - Starting lead generation process...
2025-07-31 19:46:08,222 - INFO - Searching real estate listings...
2025-07-31 19:46:08,223 - INFO - Searching Craigslist...
2025-07-31 19:50:47,698 - INFO - Found 0 Craigslist leads
2025-07-31 19:50:47,701 - INFO - Found 5 real estate leads
2025-07-31 19:50:47,701 - INFO - Searching social media...
2025-07-31 19:50:47,701 - INFO - Searching Reddit...
2025-07-31 19:53:46,970 - INFO - Found 0 Reddit leads
2025-07-31 19:53:46,972 - INFO - Found 5 social media leads
2025-07-31 19:53:46,973 - INFO - Searching local business directories...
2025-07-31 19:53:46,974 - INFO - Found 20 local business leads
2025-07-31 19:53:46,981 - INFO - Added 22 new leads to database
2025-07-31 19:53:46,994 - INFO - Leads exported to leads_export.csv
2025-07-31 19:53:46,994 - INFO - Summary exported to leads_export_summary.csv
2025-07-31 19:53:46,999 - INFO - Lead generation complete. Found 30 total leads, 22 new leads added.
